<?xml version="1.0" encoding="UTF-8"?>
<!-- Generated by org.testng.reporters.JUnitXMLReporter -->
<testsuite ignored="0" hostname="DESKTOP-FAH3VGR" failures="0" tests="4" name="Default test" time="75.328" errors="0" timestamp="2025-05-09T20:57:44 IST">
  <testcase classname="regression.ValidateLoginusingDataProvider" name="validateLogin" time="1.402"/>
  <testcase classname="regression.ValidateLoginusingDataProvider" name="validateLogin" time="0.593"/>
  <testcase classname="regression.ValidateLoginusingDataProvider" name="validateLogin" time="0.519"/>
  <testcase classname="regression.ValidateLoginusingDataProvider" name="validateLogin" time="0.512"/>
</testsuite> <!-- Default test -->
