<?xml version="1.0" encoding="UTF-8"?>
<testng-results ignored="0" total="4" passed="4" failed="0" skipped="0">
  <reporter-output>
  </reporter-output>
  <suite started-at="2025-05-09T20:56:29 IST" name="Default suite" finished-at="2025-05-09T20:57:44 IST" duration-ms="75328">
    <groups>
    </groups>
    <test started-at="2025-05-09T20:56:29 IST" name="Default test" finished-at="2025-05-09T20:57:44 IST" duration-ms="75328">
      <class name="regression.ValidateLoginusingDataProvider">
        <test-method is-config="true" signature="beforeTest()[pri:0, instance:regression.ValidateLoginusingDataProvider@b9b00e0]" started-at="2025-05-09T20:56:29 IST" name="beforeTest" finished-at="2025-05-09T20:56:29 IST" duration-ms="7" status="PASS">
          <reporter-output>
          </reporter-output>
        </test-method> <!-- beforeTest -->
        <test-method is-config="true" signature="setUp()[pri:0, instance:regression.ValidateLoginusingDataProvider@b9b00e0]" started-at="2025-05-09T20:56:29 IST" name="setUp" finished-at="2025-05-09T20:56:48 IST" duration-ms="19111" status="PASS">
          <reporter-output>
          </reporter-output>
        </test-method> <!-- setUp -->
        <test-method signature="validateLogin(java.lang.String,java.lang.String,java.lang.String)[pri:0, instance:regression.ValidateLoginusingDataProvider@b9b00e0]" started-at="2025-05-09T20:56:48 IST" name="validateLogin" data-provider="getObjects" finished-at="2025-05-09T20:56:50 IST" duration-ms="1402" status="PASS">
          <params>
            <param index="0">
              <value>
                <![CDATA[Sashikumar]]>
              </value>
            </param>
            <param index="1">
              <value>
                <![CDATA[Sashikumar@47]]>
              </value>
            </param>
            <param index="2">
              <value>
                <![CDATA[Adactin.com - Search Hotel]]>
              </value>
            </param>
          </params>
          <reporter-output>
          </reporter-output>
        </test-method> <!-- validateLogin -->
        <test-method is-config="true" signature="tearDown()[pri:0, instance:regression.ValidateLoginusingDataProvider@b9b00e0]" started-at="2025-05-09T20:56:50 IST" name="tearDown" finished-at="2025-05-09T20:56:50 IST" duration-ms="339" status="PASS">
          <reporter-output>
          </reporter-output>
        </test-method> <!-- tearDown -->
        <test-method is-config="true" signature="setUp()[pri:0, instance:regression.ValidateLoginusingDataProvider@b9b00e0]" started-at="2025-05-09T20:56:50 IST" name="setUp" finished-at="2025-05-09T20:57:07 IST" duration-ms="17330" status="PASS">
          <reporter-output>
          </reporter-output>
        </test-method> <!-- setUp -->
        <test-method signature="validateLogin(java.lang.String,java.lang.String,java.lang.String)[pri:0, instance:regression.ValidateLoginusingDataProvider@b9b00e0]" started-at="2025-05-09T20:57:07 IST" name="validateLogin" data-provider="getObjects" finished-at="2025-05-09T20:57:08 IST" duration-ms="593" status="PASS">
          <params>
            <param index="0">
              <value>
                <![CDATA[Sashikumar]]>
              </value>
            </param>
            <param index="1">
              <value>
                <![CDATA[Sashikumar@475364]]>
              </value>
            </param>
            <param index="2">
              <value>
                <![CDATA[Adactin.com - Hotel Reservation System]]>
              </value>
            </param>
          </params>
          <reporter-output>
          </reporter-output>
        </test-method> <!-- validateLogin -->
        <test-method is-config="true" signature="tearDown()[pri:0, instance:regression.ValidateLoginusingDataProvider@b9b00e0]" started-at="2025-05-09T20:57:08 IST" name="tearDown" finished-at="2025-05-09T20:57:08 IST" duration-ms="251" status="PASS">
          <reporter-output>
          </reporter-output>
        </test-method> <!-- tearDown -->
        <test-method is-config="true" signature="setUp()[pri:0, instance:regression.ValidateLoginusingDataProvider@b9b00e0]" started-at="2025-05-09T20:57:08 IST" name="setUp" finished-at="2025-05-09T20:57:25 IST" duration-ms="17231" status="PASS">
          <reporter-output>
          </reporter-output>
        </test-method> <!-- setUp -->
        <test-method signature="validateLogin(java.lang.String,java.lang.String,java.lang.String)[pri:0, instance:regression.ValidateLoginusingDataProvider@b9b00e0]" started-at="2025-05-09T20:57:25 IST" name="validateLogin" data-provider="getObjects" finished-at="2025-05-09T20:57:26 IST" duration-ms="519" status="PASS">
          <params>
            <param index="0">
              <value>
                <![CDATA[Sashikumar231445]]>
              </value>
            </param>
            <param index="1">
              <value>
                <![CDATA[Sashikumar@47]]>
              </value>
            </param>
            <param index="2">
              <value>
                <![CDATA[Adactin.com - Hotel Reservation System]]>
              </value>
            </param>
          </params>
          <reporter-output>
          </reporter-output>
        </test-method> <!-- validateLogin -->
        <test-method is-config="true" signature="tearDown()[pri:0, instance:regression.ValidateLoginusingDataProvider@b9b00e0]" started-at="2025-05-09T20:57:26 IST" name="tearDown" finished-at="2025-05-09T20:57:26 IST" duration-ms="236" status="PASS">
          <reporter-output>
          </reporter-output>
        </test-method> <!-- tearDown -->
        <test-method is-config="true" signature="setUp()[pri:0, instance:regression.ValidateLoginusingDataProvider@b9b00e0]" started-at="2025-05-09T20:57:26 IST" name="setUp" finished-at="2025-05-09T20:57:44 IST" duration-ms="17507" status="PASS">
          <reporter-output>
          </reporter-output>
        </test-method> <!-- setUp -->
        <test-method signature="validateLogin(java.lang.String,java.lang.String,java.lang.String)[pri:0, instance:regression.ValidateLoginusingDataProvider@b9b00e0]" started-at="2025-05-09T20:57:44 IST" name="validateLogin" data-provider="getObjects" finished-at="2025-05-09T20:57:44 IST" duration-ms="512" status="PASS">
          <params>
            <param index="0">
              <value>
                <![CDATA[Sashikumar453]]>
              </value>
            </param>
            <param index="1">
              <value>
                <![CDATA[Sashikumar@47243]]>
              </value>
            </param>
            <param index="2">
              <value>
                <![CDATA[Adactin.com - Hotel Reservation System]]>
              </value>
            </param>
          </params>
          <reporter-output>
          </reporter-output>
        </test-method> <!-- validateLogin -->
        <test-method is-config="true" signature="tearDown()[pri:0, instance:regression.ValidateLoginusingDataProvider@b9b00e0]" started-at="2025-05-09T20:57:44 IST" name="tearDown" finished-at="2025-05-09T20:57:44 IST" duration-ms="255" status="PASS">
          <reporter-output>
          </reporter-output>
        </test-method> <!-- tearDown -->
      </class> <!-- regression.ValidateLoginusingDataProvider -->
    </test> <!-- Default test -->
  </suite> <!-- Default suite -->
</testng-results>
